
Available checkpoints for 2025-12-16:
================================================================================
Idx   Stage Name                     Time       Outputs   
--------------------------------------------------------------------------------
0     load_bronze                    3.49s      4         
1     build_ohlcv_1min               0.13s      7         
2     build_ohlcv_2min               3.46s      9         
3     init_market_state              1.29s      11        
4     generate_levels                0.03s      14        
5     detect_interaction_zones       0.00s      15        
6     compute_physics                1.75s      16        
7     compute_multiwindow_kinematics 0.01s      16        
8     compute_multiwindow_ofi        0.11s      16        
9     compute_barrier_evolution      0.05s      16        
10    compute_level_distances        0.02s      16        
11    compute_gex_features           0.01s      16        
12    compute_force_mass             0.00s      16        
13    compute_approach_features      0.05s      16        
14    label_outcomes                 0.01s      16        
15    filter_rth                     0.01s      17        
================================================================================

