2025-12-28 22:52:12,836 - [2.0.0] Starting pipeline: es_pipeline
2025-12-28 22:52:12,836 - [2.0.0] Date: 2025-12-16
2025-12-28 22:52:12,836 - [2.0.0] Stages: 16
2025-12-28 22:52:12,836 - [2.0.0] Checkpointing enabled: data/checkpoints
2025-12-28 22:52:12,836 - [2.0.0] Will stop after stage 1
2025-12-28 22:52:12,836 - [2.0.0] (1/16) Running: load_bronze
2025-12-28 22:52:12,836 -   Loading Bronze data for 2025-12-16...
2025-12-28 22:52:13,838 -     ES trades: 612,748 records
2025-12-28 22:52:16,303 -     MBP-10 snapshots: 95,409 records
2025-12-28 22:52:16,316 -     ES options: 973 records
2025-12-28 22:52:16,318 - [2.0.0]   Completed in 3.48s
2025-12-28 22:52:17,740 -   Failed to serialize '_reader': cannot pickle 'module' object
2025-12-28 22:52:17,740 - [2.0.0] (2/16) Running: build_ohlcv_1min
2025-12-28 22:52:17,854 - [2.0.0]   Completed in 0.11s
2025-12-28 22:52:18,976 -   Failed to serialize '_reader': cannot pickle 'module' object
2025-12-28 22:52:18,979 - [2.0.0] No 'signals' in context, returning empty DataFrame
Running ES pipeline for 2025-12-16
Checkpoints: data/checkpoints
Stopping at stage: 1


Pipeline completed successfully
Final signals: 0 rows
