2025-12-28 23:01:19,150 - [2.0.0] Starting pipeline: es_pipeline
2025-12-28 23:01:19,150 - [2.0.0] Date: 2025-12-16
2025-12-28 23:01:19,150 - [2.0.0] Stages: 16
2025-12-28 23:01:19,150 - [2.0.0] Checkpointing enabled: data/checkpoints
2025-12-28 23:01:19,150 - [2.0.0] Will stop after stage 2
2025-12-28 23:01:19,150 - [2.0.0] (1/16) Running: load_bronze
2025-12-28 23:01:19,150 -   Loading Bronze data for 2025-12-16...
2025-12-28 23:01:20,161 -     ES trades: 612,748 records
2025-12-28 23:01:22,622 -     MBP-10 snapshots: 95,409 records
2025-12-28 23:01:22,637 -     ES options: 973 records
2025-12-28 23:01:22,639 - [2.0.0]   Completed in 3.49s
2025-12-28 23:01:24,099 -   Failed to serialize '_reader': cannot pickle 'module' object
2025-12-28 23:01:24,099 - [2.0.0] (2/16) Running: build_ohlcv_1min
2025-12-28 23:01:24,224 - [2.0.0]   Completed in 0.13s
2025-12-28 23:01:25,388 -   Failed to serialize '_reader': cannot pickle 'module' object
2025-12-28 23:01:25,394 - [2.0.0] (3/16) Running: build_ohlcv_2min
2025-12-28 23:01:25,506 -     Warmup: loading 3 dates: ['2025-12-11', '2025-12-12', '2025-12-15']
2025-12-28 23:01:26,554 -     Warmup: loaded 690 bars from 2025-12-11
2025-12-28 23:01:27,876 -     Warmup: loaded 660 bars from 2025-12-12
2025-12-28 23:01:28,473 -     Warmup: loaded 690 bars from 2025-12-15
2025-12-28 23:01:28,474 -     Warmup: 2040 total warmup bars
2025-12-28 23:01:28,474 -     Warmup: final 2min OHLCV has 2730 bars
2025-12-28 23:01:28,500 - [2.0.0]   Completed in 3.11s
2025-12-28 23:01:29,677 -   Failed to serialize '_reader': cannot pickle 'module' object
2025-12-28 23:01:29,686 - [2.0.0] No 'signals' in context, returning empty DataFrame
Running ES pipeline for 2025-12-16
Checkpoints: data/checkpoints
Stopping at stage: 2


Pipeline completed successfully
Final signals: 0 rows
