2025-12-29 16:07:40,958 - [3.0.0] Starting pipeline: es_pipeline
2025-12-29 16:07:40,958 - [3.0.0] Date: 2025-12-16
2025-12-29 16:07:40,959 - [3.0.0] Stages: 18
2025-12-29 16:07:40,959 - [3.0.0] Checkpointing enabled: data/checkpoints
2025-12-29 16:07:40,959 - [3.0.0] Resuming from stage 16
2025-12-29 16:07:40,959 - Loading checkpoint from stage 15: filter_rth
2025-12-29 16:07:42,367 - [3.0.0] Will stop after stage 16
2025-12-29 16:07:42,367 - [3.0.0] (17/18) Running: materialize_state_table
2025-12-29 16:07:42,367 -   Materializing state table (30s cadence) for 2025-12-16...
2025-12-29 16:07:42,367 -     Input signals_df shape: (53, 136)
2025-12-29 16:07:42,379 -     Generated 361 timestamps (09:30-12:30 ET @ 30s)
2025-12-29 16:07:42,379 -     Grid range: 2025-12-16 09:30:00-05:00 to 2025-12-16 12:30:00-05:00
2025-12-29 16:07:42,379 -     Signals timestamp dtype before TZ: datetime64[ns]
2025-12-29 16:07:42,379 -     Signals timestamp tz before: None
2025-12-29 16:07:42,379 -     Signals timestamp range before TZ: 2025-12-16 14:30:00 to 2025-12-16 17:35:00
2025-12-29 16:07:42,379 -     Signals timestamp range after TZ: 2025-12-16 09:30:00-05:00 to 2025-12-16 12:35:00-05:00
2025-12-29 16:07:42,380 -     Number of signals in RTH window: 51
2025-12-29 16:07:42,595 -     Generated 0 state rows (0 timestamps × 6 levels)
2025-12-29 16:07:42,596 - [3.0.0]   Completed in 0.23s
2025-12-29 16:07:45,085 - [3.0.0] ==================================================
2025-12-29 16:07:45,085 - [3.0.0] PIPELINE COMPLETE in 4.13s
2025-12-29 16:07:45,085 - [3.0.0] Total signals: 53
2025-12-29 16:07:45,085 - [3.0.0] Throughput: 13 signals/sec
2025-12-29 16:07:45,085 - [3.0.0] ==================================================
Running ES pipeline for 2025-12-16
Checkpoints: data/checkpoints
Resuming from stage: 16
Stopping at stage: 16


Pipeline completed successfully
Final signals: 53 rows
