2025-12-29 16:06:24,425 - [3.0.0] Starting pipeline: es_pipeline
2025-12-29 16:06:24,425 - [3.0.0] Date: 2025-12-16
2025-12-29 16:06:24,425 - [3.0.0] Stages: 18
2025-12-29 16:06:24,425 - [3.0.0] Checkpointing enabled: data/checkpoints
2025-12-29 16:06:24,425 - [3.0.0] Resuming from stage 15
2025-12-29 16:06:24,425 - Loading checkpoint from stage 14: label_outcomes
2025-12-29 16:06:25,805 - [3.0.0] Will stop after stage 16
2025-12-29 16:06:25,805 - [3.0.0] (16/18) Running: filter_rth
2025-12-29 16:06:25,817 -   ⚠️  Schema validation failed: Schema mismatch: Missing columns (48): ['anchor_spot', 'anchor_spot_2min', 'anchor_spot_4min', 'anchor_spot_8min', 'confirm_ts_ns', 'confirm_ts_ns_2min', 'confirm_ts_ns_4min', 'confirm_ts_ns_8min', 'excursion_max_2min', 'excursion_max_4min']; Extra columns (2): ['excursion_adverse', 'excursion_favorable']
2025-12-29 16:06:25,817 - [3.0.0]   Completed in 0.01s
2025-12-29 16:06:27,629 - [3.0.0] (17/18) Running: materialize_state_table
2025-12-29 16:06:27,629 -   Materializing state table (30s cadence) for 2025-12-16...
2025-12-29 16:06:28,316 -     Generated 0 state rows (0 timestamps × 6 levels)
2025-12-29 16:06:28,316 - [3.0.0]   Completed in 0.69s
2025-12-29 16:06:30,298 - [3.0.0] ==================================================
2025-12-29 16:06:30,298 - [3.0.0] PIPELINE COMPLETE in 5.87s
2025-12-29 16:06:30,298 - [3.0.0] Total signals: 53
2025-12-29 16:06:30,298 - [3.0.0] Throughput: 9 signals/sec
2025-12-29 16:06:30,298 - [3.0.0] ==================================================
Running ES pipeline for 2025-12-16
Checkpoints: data/checkpoints
Resuming from stage: 15
Stopping at stage: 16


Pipeline completed successfully
Final signals: 53 rows
