2025-12-29 19:15:21,440 - [3.0.0] Starting pipeline: es_pipeline
2025-12-29 19:15:21,440 - [3.0.0] Date: 2025-12-16
2025-12-29 19:15:21,440 - [3.0.0] Stages: 18
2025-12-29 19:15:21,440 - [3.0.0] Checkpointing enabled: data/checkpoints
2025-12-29 19:15:21,440 - [3.0.0] Resuming from stage 17
2025-12-29 19:15:21,440 - Loading checkpoint from stage 16: materialize_state_table
2025-12-29 19:15:22,876 - [3.0.0] Will stop after stage 17
2025-12-29 19:15:22,876 - [3.0.0] (18/18) Running: construct_episodes
2025-12-29 19:15:22,876 -   Constructing episode vectors from 53 events...
2025-12-29 19:15:22,876 - Loaded normalization stats v1 from data/gold/normalization/current.json
2025-12-29 19:15:22,876 -   Computed: 2025-12-29, Lookback: 1 days, Samples: 1,729
2025-12-29 19:15:22,876 - Constructing  episode vectors from 53 events...
2025-12-29 19:15:22,878 -   Decoded event level_kinds: {'OR_LOW': 14, 'PM_LOW': 12, 'SMA_200': 12, 'SMA_400': 11, 'OR_HIGH': 4}
2025-12-29 19:15:24,305 -   Constructed 53 episode vectors (144 dims)
2025-12-29 19:15:24,305 -   Skipped: no_history=0, vector_failed=0, norm_failed=0
2025-12-29 19:15:24,306 -     Episode vectors: (53, 144)
2025-12-29 19:15:24,306 -     Time bucket distribution: {'T120_180': 21, 'T60_120': 15, 'T30_60': 9, 'T0_15': 6, 'T15_30': 2}
2025-12-29 19:15:24,306 -     2min outcomes: {'REJECT': 49, 'CHOP': 2, 'BREAK': 2}
2025-12-29 19:15:24,306 -     4min outcomes: {'REJECT': 50, 'BREAK': 2, 'CHOP': 1}
2025-12-29 19:15:24,306 -     8min outcomes: {'REJECT': 50, 'BREAK': 2, 'CHOP': 1}
2025-12-29 19:15:24,306 -     Avg emission weight: 0.170
2025-12-29 19:15:24,306 - [3.0.0]   Completed in 1.43s
2025-12-29 19:15:26,291 - [3.0.0] ==================================================
2025-12-29 19:15:26,291 - [3.0.0] PIPELINE COMPLETE in 4.85s
2025-12-29 19:15:26,291 - [3.0.0] Total signals: 53
2025-12-29 19:15:26,291 - [3.0.0] Throughput: 11 signals/sec
2025-12-29 19:15:26,291 - [3.0.0] ==================================================
Running ES pipeline for 2025-12-16
Checkpoints: data/checkpoints
Resuming from stage: 17
Stopping at stage: 17


Pipeline completed successfully
Final signals: 53 rows
