2025-12-29 16:01:40,755 - [3.0.0] Starting pipeline: es_pipeline
2025-12-29 16:01:40,755 - [3.0.0] Date: 2025-12-16
2025-12-29 16:01:40,755 - [3.0.0] Stages: 18
2025-12-29 16:01:40,755 - [3.0.0] Checkpointing enabled: data/checkpoints
2025-12-29 16:01:40,755 - [3.0.0] Resuming from stage 3
2025-12-29 16:01:40,755 - Loading checkpoint from stage 2: build_ohlcv_2min
2025-12-29 16:01:41,618 - [3.0.0] Will stop after stage 15
2025-12-29 16:01:41,618 - [3.0.0] (4/18) Running: init_market_state
2025-12-29 16:01:42,867 - [3.0.0]   Completed in 1.25s
2025-12-29 16:01:45,589 - [3.0.0] (5/18) Running: generate_levels
2025-12-29 16:01:45,618 - [3.0.0]   Completed in 0.03s
2025-12-29 16:01:47,562 - [3.0.0] (6/18) Running: detect_interaction_zones
2025-12-29 16:01:47,565 - [3.0.0]   Completed in 0.00s
2025-12-29 16:01:49,499 - [3.0.0] (7/18) Running: compute_physics
2025-12-29 16:01:49,499 -   Computing physics for 166 touches...
2025-12-29 16:01:50,133 -     Barrier states: {'NEUTRAL': 93, 'WEAK': 46, 'WALL': 27}
2025-12-29 16:01:50,133 -     Fuel effects: {'NEUTRAL': 166}
2025-12-29 16:01:50,133 - [3.0.0]   Completed in 0.63s
2025-12-29 16:01:52,066 - [3.0.0] (8/18) Running: compute_multiwindow_kinematics
2025-12-29 16:01:52,075 - [3.0.0]   Completed in 0.01s
2025-12-29 16:01:54,006 - [3.0.0] (9/18) Running: compute_multiwindow_ofi
2025-12-29 16:01:54,120 - [3.0.0]   Completed in 0.11s
2025-12-29 16:01:56,078 - [3.0.0] (10/18) Running: compute_barrier_evolution
2025-12-29 16:01:56,132 - [3.0.0]   Completed in 0.05s
2025-12-29 16:01:58,071 - [3.0.0] (11/18) Running: compute_level_distances
2025-12-29 16:01:58,086 - [3.0.0]   Completed in 0.01s
2025-12-29 16:01:59,942 - [3.0.0] (12/18) Running: compute_gex_features
2025-12-29 16:01:59,949 - [3.0.0]   Completed in 0.01s
2025-12-29 16:02:01,935 - [3.0.0] (13/18) Running: compute_force_mass
2025-12-29 16:02:01,936 - [3.0.0]   Completed in 0.00s
2025-12-29 16:02:03,931 - [3.0.0] (14/18) Running: compute_approach_features
2025-12-29 16:02:03,943 - [3.0.0]   Completed in 0.01s
2025-12-29 16:02:05,917 - [3.0.0] (15/18) Running: label_outcomes
2025-12-29 16:02:05,917 -   Labeling outcomes (first-crossing, ATR-normalized) for 166 signals...
2025-12-29 16:02:05,922 -     2min outcome distribution: {'REJECT': 160, 'BREAK': 3, 'CHOP': 3}
2025-12-29 16:02:05,922 -     4min outcome distribution: {'REJECT': 161, 'BREAK': 3, 'CHOP': 2}
2025-12-29 16:02:05,922 -     8min outcome distribution: {'REJECT': 161, 'BREAK': 3, 'CHOP': 2}
2025-12-29 16:02:05,923 - [3.0.0]   Completed in 0.01s
2025-12-29 16:02:07,876 - [3.0.0] (16/18) Running: filter_rth
2025-12-29 16:02:07,877 -   ⚠️  Schema validation failed: Schema mismatch: Missing columns (48): ['anchor_spot', 'anchor_spot_2min', 'anchor_spot_4min', 'anchor_spot_8min', 'confirm_ts_ns', 'confirm_ts_ns_2min', 'confirm_ts_ns_4min', 'confirm_ts_ns_8min', 'excursion_max_2min', 'excursion_max_4min']; Extra columns (2): ['excursion_adverse', 'excursion_favorable']
2025-12-29 16:02:07,877 - [3.0.0]   Completed in 0.00s
2025-12-29 16:02:09,724 - [3.0.0] ==================================================
2025-12-29 16:02:09,725 - [3.0.0] PIPELINE COMPLETE in 28.97s
2025-12-29 16:02:09,725 - [3.0.0] Total signals: 53
2025-12-29 16:02:09,725 - [3.0.0] Throughput: 2 signals/sec
2025-12-29 16:02:09,725 - [3.0.0] ==================================================
Running ES pipeline for 2025-12-16
Checkpoints: data/checkpoints
Resuming from stage: 3
Stopping at stage: 15


Pipeline completed successfully
Final signals: 53 rows
