2025-12-29 16:04:47,412 - [3.0.0] Starting pipeline: es_pipeline
2025-12-29 16:04:47,412 - [3.0.0] Date: 2025-12-16
2025-12-29 16:04:47,412 - [3.0.0] Stages: 18
2025-12-29 16:04:47,412 - [3.0.0] Checkpointing enabled: data/checkpoints
2025-12-29 16:04:47,412 - [3.0.0] Resuming from stage 16
2025-12-29 16:04:47,412 - Loading checkpoint from stage 15: filter_rth
2025-12-29 16:04:48,855 - [3.0.0] Will stop after stage 16
2025-12-29 16:04:48,855 - [3.0.0] (17/18) Running: materialize_state_table
2025-12-29 16:04:48,855 -   Materializing state table (30s cadence) for 2025-12-16...
2025-12-29 16:04:49,076 -     Generated 0 state rows (0 timestamps × 6 levels)
2025-12-29 16:04:49,076 - [3.0.0]   Completed in 0.22s
2025-12-29 16:04:51,380 - [3.0.0] ==================================================
2025-12-29 16:04:51,380 - [3.0.0] PIPELINE COMPLETE in 3.97s
2025-12-29 16:04:51,380 - [3.0.0] Total signals: 53
2025-12-29 16:04:51,380 - [3.0.0] Throughput: 13 signals/sec
2025-12-29 16:04:51,380 - [3.0.0] ==================================================
Running ES pipeline for 2025-12-16
Checkpoints: data/checkpoints
Resuming from stage: 16
Stopping at stage: 16


Pipeline completed successfully
Final signals: 53 rows
