2025-12-29 16:08:57,189 - [3.0.0] Starting pipeline: es_pipeline
2025-12-29 16:08:57,189 - [3.0.0] Date: 2025-12-16
2025-12-29 16:08:57,189 - [3.0.0] Stages: 18
2025-12-29 16:08:57,189 - [3.0.0] Checkpointing enabled: data/checkpoints
2025-12-29 16:08:57,189 - [3.0.0] Resuming from stage 16
2025-12-29 16:08:57,189 - Loading checkpoint from stage 15: filter_rth
2025-12-29 16:08:58,603 - [3.0.0] Will stop after stage 16
2025-12-29 16:08:58,603 - [3.0.0] (17/18) Running: materialize_state_table
2025-12-29 16:08:58,603 -   Materializing state table (30s cadence) for 2025-12-16...
2025-12-29 16:08:58,603 -     Input signals_df shape: (53, 136)
2025-12-29 16:08:58,615 -     Generated 361 timestamps (09:30-12:30 ET @ 30s)
2025-12-29 16:08:58,615 -     Grid range: 2025-12-16 09:30:00-05:00 to 2025-12-16 12:30:00-05:00
2025-12-29 16:08:58,616 -     Signals timestamp dtype before TZ: datetime64[ns]
2025-12-29 16:08:58,616 -     Signals timestamp tz before: None
2025-12-29 16:08:58,616 -     Signals timestamp range before TZ: 2025-12-16 14:30:00 to 2025-12-16 17:35:00
2025-12-29 16:08:58,616 -     Signals timestamp range after TZ: 2025-12-16 09:30:00-05:00 to 2025-12-16 12:35:00-05:00
2025-12-29 16:08:58,616 -     Number of signals in RTH window: 51
2025-12-29 16:08:58,616 -     Level kind distribution in signals: {3: 14, 1: 12, 6: 12, 12: 11, 2: 4}
2025-12-29 16:08:58,617 -     Static level_prices extracted: []
2025-12-29 16:08:58,640 -       ts=2025-12-16 09:30:00-05:00 (0.0min): added 0 rows (total: 0)
2025-12-29 16:08:58,641 -       ts=2025-12-16 09:30:30-05:00 (0.5min): added 0 rows (total: 0)
2025-12-29 16:08:58,641 -       ts=2025-12-16 09:31:00-05:00 (1.0min): added 0 rows (total: 0)
2025-12-29 16:08:58,642 -       ts=2025-12-16 09:31:30-05:00 (1.5min): added 0 rows (total: 0)
2025-12-29 16:08:58,642 -       ts=2025-12-16 09:32:00-05:00 (2.0min): added 0 rows (total: 0)
2025-12-29 16:08:58,827 -     Total rows added across 361 timestamps: 0
2025-12-29 16:08:58,827 -     Timestamps with >0 rows: 0
2025-12-29 16:08:58,827 -     Generated 0 state rows (0 timestamps × 6 levels)
2025-12-29 16:08:58,827 - [3.0.0]   Completed in 0.22s
2025-12-29 16:09:01,227 - [3.0.0] ==================================================
2025-12-29 16:09:01,227 - [3.0.0] PIPELINE COMPLETE in 4.04s
2025-12-29 16:09:01,227 - [3.0.0] Total signals: 53
2025-12-29 16:09:01,227 - [3.0.0] Throughput: 13 signals/sec
2025-12-29 16:09:01,227 - [3.0.0] ==================================================
Running ES pipeline for 2025-12-16
Checkpoints: data/checkpoints
Resuming from stage: 16
Stopping at stage: 16


Pipeline completed successfully
Final signals: 53 rows
