2025-12-29 19:17:09,324 - [3.0.0] Starting pipeline: es_pipeline
2025-12-29 19:17:09,324 - [3.0.0] Date: 2025-12-16
2025-12-29 19:17:09,324 - [3.0.0] Stages: 18
2025-12-29 19:17:09,324 - [3.0.0] Checkpointing enabled: data/checkpoints
2025-12-29 19:17:09,324 - [3.0.0] Resuming from stage 17
2025-12-29 19:17:09,324 - Loading checkpoint from stage 16: materialize_state_table
2025-12-29 19:17:10,745 - [3.0.0] Will stop after stage 17
2025-12-29 19:17:10,745 - [3.0.0] (18/18) Running: construct_episodes
2025-12-29 19:17:10,746 -   Constructing episode vectors from 53 events...
2025-12-29 19:17:10,746 - Loaded normalization stats v2 from data/gold/normalization/current.json
2025-12-29 19:17:10,746 - [3.0.0] Stage 'construct_episodes' failed: 'computed_date'
Traceback (most recent call last):
  File "/Users/loganrobbins/research/qmachina/spymaster/backend/scripts/run_pipeline_incremental.py", line 223, in main
    signals_df = pipeline.run(
                 ^^^^^^^^^^^^^
  File "/Users/loganrobbins/research/qmachina/spymaster/backend/src/pipeline/core/pipeline.py", line 141, in run
    ctx = stage.run(ctx)
          ^^^^^^^^^^^^^^
  File "/Users/loganrobbins/research/qmachina/spymaster/backend/src/pipeline/core/stage.py", line 65, in run
    outputs = self.execute(ctx)
              ^^^^^^^^^^^^^^^^^
  File "/Users/loganrobbins/research/qmachina/spymaster/backend/src/pipeline/stages/construct_episodes.py", line 73, in execute
    normalization_stats = load_normalization_stats(stats_path)
                          ^^^^^^^^^^^^^^^^^^^^^^^^^^^^^^^^^^^^
  File "/Users/loganrobbins/research/qmachina/spymaster/backend/src/ml/normalization.py", line 366, in load_normalization_stats
    logger.info(f"  Computed: {stats['computed_date']}, Lookback: {stats['lookback_days']} days, Samples: {stats['n_samples']:,}")
                               ~~~~~^^^^^^^^^^^^^^^^^
KeyError: 'computed_date'
Running ES pipeline for 2025-12-16
Checkpoints: data/checkpoints
Resuming from stage: 17
Stopping at stage: 17


Pipeline failed: 'computed_date'
