2025-12-29 16:10:34,016 - [3.0.0] Starting pipeline: es_pipeline
2025-12-29 16:10:34,016 - [3.0.0] Date: 2025-12-16
2025-12-29 16:10:34,017 - [3.0.0] Stages: 18
2025-12-29 16:10:34,017 - [3.0.0] Checkpointing enabled: data/checkpoints
2025-12-29 16:10:34,017 - [3.0.0] Resuming from stage 16
2025-12-29 16:10:34,017 - Loading checkpoint from stage 15: filter_rth
2025-12-29 16:10:35,449 - [3.0.0] Will stop after stage 16
2025-12-29 16:10:35,449 - [3.0.0] (17/18) Running: materialize_state_table
2025-12-29 16:10:35,449 -   Materializing state table (30s cadence) for 2025-12-16...
2025-12-29 16:10:35,449 -     Input signals_df shape: (53, 136)
2025-12-29 16:10:35,458 -     Generated 361 timestamps (09:30-12:30 ET @ 30s)
2025-12-29 16:10:35,458 -     Grid range: 2025-12-16 09:30:00-05:00 to 2025-12-16 12:30:00-05:00
2025-12-29 16:10:35,458 -     Signals timestamp dtype before TZ: datetime64[ns]
2025-12-29 16:10:35,458 -     Signals timestamp tz before: None
2025-12-29 16:10:35,458 -     Signals timestamp range before TZ: 2025-12-16 14:30:00 to 2025-12-16 17:35:00
2025-12-29 16:10:35,458 -     Signals timestamp range after TZ: 2025-12-16 09:30:00-05:00 to 2025-12-16 12:35:00-05:00
2025-12-29 16:10:35,459 -     Number of signals in RTH window: 51
2025-12-29 16:10:35,459 -     Level kind distribution (raw): {3: 14, 1: 12, 6: 12, 12: 11, 2: 4}
2025-12-29 16:10:35,459 -     Level kind distribution (decoded): {'OR_LOW': 14, 'PM_LOW': 12, 'SMA_200': 12, 'SMA_400': 11, 'OR_HIGH': 4}
2025-12-29 16:10:35,460 -     Static level_prices extracted: ['PM_LOW', 'OR_HIGH', 'OR_LOW']
2025-12-29 16:10:35,483 -       ts=2025-12-16 09:30:00-05:00 (0.0min): added 2 rows (total: 2)
2025-12-29 16:10:35,484 -       ts=2025-12-16 09:30:30-05:00 (0.5min): added 2 rows (total: 4)
2025-12-29 16:10:35,484 -       ts=2025-12-16 09:31:00-05:00 (1.0min): added 2 rows (total: 6)
2025-12-29 16:10:35,485 -       ts=2025-12-16 09:31:30-05:00 (1.5min): added 2 rows (total: 8)
2025-12-29 16:10:35,486 -       ts=2025-12-16 09:32:00-05:00 (2.0min): added 2 rows (total: 10)
2025-12-29 16:10:35,487 -       ts=2025-12-16 09:32:30-05:00 (2.5min): added 2 rows (total: 12)
2025-12-29 16:10:35,488 -       ts=2025-12-16 09:33:00-05:00 (3.0min): added 2 rows (total: 14)
2025-12-29 16:10:35,489 -       ts=2025-12-16 09:33:30-05:00 (3.5min): added 2 rows (total: 16)
2025-12-29 16:10:35,490 -       ts=2025-12-16 09:34:00-05:00 (4.0min): added 2 rows (total: 18)
2025-12-29 16:10:35,491 -       ts=2025-12-16 09:34:30-05:00 (4.5min): added 2 rows (total: 20)
2025-12-29 16:10:35,491 -       ts=2025-12-16 09:35:00-05:00 (5.0min): added 2 rows (total: 22)
2025-12-29 16:10:35,492 -       ts=2025-12-16 09:35:30-05:00 (5.5min): added 2 rows (total: 24)
2025-12-29 16:10:35,493 -       ts=2025-12-16 09:36:00-05:00 (6.0min): added 2 rows (total: 26)
2025-12-29 16:10:35,494 -       ts=2025-12-16 09:36:30-05:00 (6.5min): added 2 rows (total: 28)
2025-12-29 16:10:35,495 -       ts=2025-12-16 09:37:00-05:00 (7.0min): added 2 rows (total: 30)
2025-12-29 16:10:35,496 -       ts=2025-12-16 09:37:30-05:00 (7.5min): added 2 rows (total: 32)
2025-12-29 16:10:35,496 -       ts=2025-12-16 09:38:00-05:00 (8.0min): added 2 rows (total: 34)
2025-12-29 16:10:35,497 -       ts=2025-12-16 09:38:30-05:00 (8.5min): added 2 rows (total: 36)
2025-12-29 16:10:35,498 -       ts=2025-12-16 09:39:00-05:00 (9.0min): added 2 rows (total: 38)
2025-12-29 16:10:35,499 -       ts=2025-12-16 09:39:30-05:00 (9.5min): added 2 rows (total: 40)
2025-12-29 16:10:35,500 -       ts=2025-12-16 09:40:00-05:00 (10.0min): added 2 rows (total: 42)
2025-12-29 16:10:35,500 -       ts=2025-12-16 09:40:30-05:00 (10.5min): added 2 rows (total: 44)
2025-12-29 16:10:35,501 -       ts=2025-12-16 09:41:00-05:00 (11.0min): added 3 rows (total: 47)
2025-12-29 16:10:35,502 -       ts=2025-12-16 09:41:30-05:00 (11.5min): added 3 rows (total: 50)
2025-12-29 16:10:35,503 -       ts=2025-12-16 09:42:00-05:00 (12.0min): added 4 rows (total: 54)
2025-12-29 16:10:35,504 -       ts=2025-12-16 09:42:30-05:00 (12.5min): added 4 rows (total: 58)
2025-12-29 16:10:35,505 -       ts=2025-12-16 09:43:00-05:00 (13.0min): added 4 rows (total: 62)
2025-12-29 16:10:35,506 -       ts=2025-12-16 09:43:30-05:00 (13.5min): added 4 rows (total: 66)
2025-12-29 16:10:35,507 -       ts=2025-12-16 09:44:00-05:00 (14.0min): added 4 rows (total: 70)
2025-12-29 16:10:35,508 -       ts=2025-12-16 09:44:30-05:00 (14.5min): added 4 rows (total: 74)
2025-12-29 16:10:35,509 -       ts=2025-12-16 09:45:00-05:00 (15.0min): added 5 rows (total: 79)
2025-12-29 16:10:35,511 -       ts=2025-12-16 09:45:30-05:00 (15.5min): added 5 rows (total: 84)
2025-12-29 16:10:35,512 -       ts=2025-12-16 09:46:00-05:00 (16.0min): added 5 rows (total: 89)
2025-12-29 16:10:35,513 -       ts=2025-12-16 09:46:30-05:00 (16.5min): added 5 rows (total: 94)
2025-12-29 16:10:35,514 -       ts=2025-12-16 09:47:00-05:00 (17.0min): added 5 rows (total: 99)
2025-12-29 16:10:35,515 -       ts=2025-12-16 09:47:30-05:00 (17.5min): added 5 rows (total: 104)
2025-12-29 16:10:35,516 -       ts=2025-12-16 09:48:00-05:00 (18.0min): added 5 rows (total: 109)
2025-12-29 16:10:35,517 -       ts=2025-12-16 09:48:30-05:00 (18.5min): added 5 rows (total: 114)
2025-12-29 16:10:35,518 -       ts=2025-12-16 09:49:00-05:00 (19.0min): added 5 rows (total: 119)
2025-12-29 16:10:35,519 -       ts=2025-12-16 09:49:30-05:00 (19.5min): added 5 rows (total: 124)
2025-12-29 16:10:35,521 -       ts=2025-12-16 09:50:00-05:00 (20.0min): added 5 rows (total: 129)
2025-12-29 16:10:35,522 -       ts=2025-12-16 09:50:30-05:00 (20.5min): added 5 rows (total: 134)
2025-12-29 16:10:35,523 -       ts=2025-12-16 09:51:00-05:00 (21.0min): added 5 rows (total: 139)
2025-12-29 16:10:35,524 -       ts=2025-12-16 09:51:30-05:00 (21.5min): added 5 rows (total: 144)
2025-12-29 16:10:35,525 -       ts=2025-12-16 09:52:00-05:00 (22.0min): added 5 rows (total: 149)
2025-12-29 16:10:35,526 -       ts=2025-12-16 09:52:30-05:00 (22.5min): added 5 rows (total: 154)
2025-12-29 16:10:35,528 -       ts=2025-12-16 09:53:00-05:00 (23.0min): added 5 rows (total: 159)
2025-12-29 16:10:35,529 -       ts=2025-12-16 09:53:30-05:00 (23.5min): added 5 rows (total: 164)
2025-12-29 16:10:35,530 -       ts=2025-12-16 09:54:00-05:00 (24.0min): added 5 rows (total: 169)
2025-12-29 16:10:35,531 -       ts=2025-12-16 09:54:30-05:00 (24.5min): added 5 rows (total: 174)
2025-12-29 16:10:35,532 -       ts=2025-12-16 09:55:00-05:00 (25.0min): added 5 rows (total: 179)
2025-12-29 16:10:35,534 -       ts=2025-12-16 09:55:30-05:00 (25.5min): added 5 rows (total: 184)
2025-12-29 16:10:35,535 -       ts=2025-12-16 09:56:00-05:00 (26.0min): added 5 rows (total: 189)
2025-12-29 16:10:35,536 -       ts=2025-12-16 09:56:30-05:00 (26.5min): added 5 rows (total: 194)
2025-12-29 16:10:35,537 -       ts=2025-12-16 09:57:00-05:00 (27.0min): added 5 rows (total: 199)
2025-12-29 16:10:35,538 -       ts=2025-12-16 09:57:30-05:00 (27.5min): added 5 rows (total: 204)
2025-12-29 16:10:35,539 -       ts=2025-12-16 09:58:00-05:00 (28.0min): added 5 rows (total: 209)
2025-12-29 16:10:35,540 -       ts=2025-12-16 09:58:30-05:00 (28.5min): added 5 rows (total: 214)
2025-12-29 16:10:35,541 -       ts=2025-12-16 09:59:00-05:00 (29.0min): added 5 rows (total: 219)
2025-12-29 16:10:35,543 -       ts=2025-12-16 09:59:30-05:00 (29.5min): added 5 rows (total: 224)
2025-12-29 16:10:35,544 -       ts=2025-12-16 10:00:00-05:00 (30.0min): added 5 rows (total: 229)
2025-12-29 16:10:35,545 -       ts=2025-12-16 10:00:30-05:00 (30.5min): added 5 rows (total: 234)
2025-12-29 16:10:35,546 -       ts=2025-12-16 10:01:00-05:00 (31.0min): added 5 rows (total: 239)
2025-12-29 16:10:35,547 -       ts=2025-12-16 10:01:30-05:00 (31.5min): added 5 rows (total: 244)
2025-12-29 16:10:35,548 -       ts=2025-12-16 10:02:00-05:00 (32.0min): added 5 rows (total: 249)
2025-12-29 16:10:35,549 -       ts=2025-12-16 10:02:30-05:00 (32.5min): added 5 rows (total: 254)
2025-12-29 16:10:35,551 -       ts=2025-12-16 10:03:00-05:00 (33.0min): added 5 rows (total: 259)
2025-12-29 16:10:35,552 -       ts=2025-12-16 10:03:30-05:00 (33.5min): added 5 rows (total: 264)
2025-12-29 16:10:35,553 -       ts=2025-12-16 10:04:00-05:00 (34.0min): added 5 rows (total: 269)
2025-12-29 16:10:35,554 -       ts=2025-12-16 10:04:30-05:00 (34.5min): added 5 rows (total: 274)
2025-12-29 16:10:35,555 -       ts=2025-12-16 10:05:00-05:00 (35.0min): added 5 rows (total: 279)
2025-12-29 16:10:35,557 -       ts=2025-12-16 10:05:30-05:00 (35.5min): added 5 rows (total: 284)
2025-12-29 16:10:35,558 -       ts=2025-12-16 10:06:00-05:00 (36.0min): added 5 rows (total: 289)
2025-12-29 16:10:35,559 -       ts=2025-12-16 10:06:30-05:00 (36.5min): added 5 rows (total: 294)
2025-12-29 16:10:35,560 -       ts=2025-12-16 10:07:00-05:00 (37.0min): added 5 rows (total: 299)
2025-12-29 16:10:35,561 -       ts=2025-12-16 10:07:30-05:00 (37.5min): added 5 rows (total: 304)
2025-12-29 16:10:35,563 -       ts=2025-12-16 10:08:00-05:00 (38.0min): added 5 rows (total: 309)
2025-12-29 16:10:35,564 -       ts=2025-12-16 10:08:30-05:00 (38.5min): added 5 rows (total: 314)
2025-12-29 16:10:35,565 -       ts=2025-12-16 10:09:00-05:00 (39.0min): added 5 rows (total: 319)
2025-12-29 16:10:35,566 -       ts=2025-12-16 10:09:30-05:00 (39.5min): added 5 rows (total: 324)
2025-12-29 16:10:35,567 -       ts=2025-12-16 10:10:00-05:00 (40.0min): added 5 rows (total: 329)
2025-12-29 16:10:35,568 -       ts=2025-12-16 10:10:30-05:00 (40.5min): added 5 rows (total: 334)
2025-12-29 16:10:35,569 -       ts=2025-12-16 10:11:00-05:00 (41.0min): added 5 rows (total: 339)
2025-12-29 16:10:35,571 -       ts=2025-12-16 10:11:30-05:00 (41.5min): added 5 rows (total: 344)
2025-12-29 16:10:35,572 -       ts=2025-12-16 10:12:00-05:00 (42.0min): added 5 rows (total: 349)
2025-12-29 16:10:35,573 -       ts=2025-12-16 10:12:30-05:00 (42.5min): added 5 rows (total: 354)
2025-12-29 16:10:35,574 -       ts=2025-12-16 10:13:00-05:00 (43.0min): added 5 rows (total: 359)
2025-12-29 16:10:35,575 -       ts=2025-12-16 10:13:30-05:00 (43.5min): added 5 rows (total: 364)
2025-12-29 16:10:35,576 -       ts=2025-12-16 10:14:00-05:00 (44.0min): added 5 rows (total: 369)
2025-12-29 16:10:35,577 -       ts=2025-12-16 10:14:30-05:00 (44.5min): added 5 rows (total: 374)
2025-12-29 16:10:35,578 -       ts=2025-12-16 10:15:00-05:00 (45.0min): added 5 rows (total: 379)
2025-12-29 16:10:35,579 -       ts=2025-12-16 10:15:30-05:00 (45.5min): added 5 rows (total: 384)
2025-12-29 16:10:35,581 -       ts=2025-12-16 10:16:00-05:00 (46.0min): added 5 rows (total: 389)
2025-12-29 16:10:35,582 -       ts=2025-12-16 10:16:30-05:00 (46.5min): added 5 rows (total: 394)
2025-12-29 16:10:35,583 -       ts=2025-12-16 10:17:00-05:00 (47.0min): added 5 rows (total: 399)
2025-12-29 16:10:35,584 -       ts=2025-12-16 10:17:30-05:00 (47.5min): added 5 rows (total: 404)
2025-12-29 16:10:35,585 -       ts=2025-12-16 10:18:00-05:00 (48.0min): added 5 rows (total: 409)
2025-12-29 16:10:35,586 -       ts=2025-12-16 10:18:30-05:00 (48.5min): added 5 rows (total: 414)
2025-12-29 16:10:35,587 -       ts=2025-12-16 10:19:00-05:00 (49.0min): added 5 rows (total: 419)
2025-12-29 16:10:35,588 -       ts=2025-12-16 10:19:30-05:00 (49.5min): added 5 rows (total: 424)
2025-12-29 16:10:35,589 -       ts=2025-12-16 10:20:00-05:00 (50.0min): added 5 rows (total: 429)
2025-12-29 16:10:35,590 -       ts=2025-12-16 10:20:30-05:00 (50.5min): added 5 rows (total: 434)
2025-12-29 16:10:35,591 -       ts=2025-12-16 10:21:00-05:00 (51.0min): added 5 rows (total: 439)
2025-12-29 16:10:35,592 -       ts=2025-12-16 10:21:30-05:00 (51.5min): added 5 rows (total: 444)
2025-12-29 16:10:35,594 -       ts=2025-12-16 10:22:00-05:00 (52.0min): added 5 rows (total: 449)
2025-12-29 16:10:35,595 -       ts=2025-12-16 10:22:30-05:00 (52.5min): added 5 rows (total: 454)
2025-12-29 16:10:35,596 -       ts=2025-12-16 10:23:00-05:00 (53.0min): added 5 rows (total: 459)
2025-12-29 16:10:35,597 -       ts=2025-12-16 10:23:30-05:00 (53.5min): added 5 rows (total: 464)
2025-12-29 16:10:35,598 -       ts=2025-12-16 10:24:00-05:00 (54.0min): added 5 rows (total: 469)
2025-12-29 16:10:35,599 -       ts=2025-12-16 10:24:30-05:00 (54.5min): added 5 rows (total: 474)
2025-12-29 16:10:35,600 -       ts=2025-12-16 10:25:00-05:00 (55.0min): added 5 rows (total: 479)
2025-12-29 16:10:35,601 -       ts=2025-12-16 10:25:30-05:00 (55.5min): added 5 rows (total: 484)
2025-12-29 16:10:35,602 -       ts=2025-12-16 10:26:00-05:00 (56.0min): added 5 rows (total: 489)
2025-12-29 16:10:35,603 -       ts=2025-12-16 10:26:30-05:00 (56.5min): added 5 rows (total: 494)
2025-12-29 16:10:35,604 -       ts=2025-12-16 10:27:00-05:00 (57.0min): added 5 rows (total: 499)
2025-12-29 16:10:35,606 -       ts=2025-12-16 10:27:30-05:00 (57.5min): added 5 rows (total: 504)
2025-12-29 16:10:35,607 -       ts=2025-12-16 10:28:00-05:00 (58.0min): added 5 rows (total: 509)
2025-12-29 16:10:35,608 -       ts=2025-12-16 10:28:30-05:00 (58.5min): added 5 rows (total: 514)
2025-12-29 16:10:35,609 -       ts=2025-12-16 10:29:00-05:00 (59.0min): added 5 rows (total: 519)
2025-12-29 16:10:35,610 -       ts=2025-12-16 10:29:30-05:00 (59.5min): added 5 rows (total: 524)
2025-12-29 16:10:35,611 -       ts=2025-12-16 10:30:00-05:00 (60.0min): added 5 rows (total: 529)
2025-12-29 16:10:35,612 -       ts=2025-12-16 10:30:30-05:00 (60.5min): added 5 rows (total: 534)
2025-12-29 16:10:35,613 -       ts=2025-12-16 10:31:00-05:00 (61.0min): added 5 rows (total: 539)
2025-12-29 16:10:35,614 -       ts=2025-12-16 10:31:30-05:00 (61.5min): added 5 rows (total: 544)
2025-12-29 16:10:35,615 -       ts=2025-12-16 10:32:00-05:00 (62.0min): added 5 rows (total: 549)
2025-12-29 16:10:35,616 -       ts=2025-12-16 10:32:30-05:00 (62.5min): added 5 rows (total: 554)
2025-12-29 16:10:35,618 -       ts=2025-12-16 10:33:00-05:00 (63.0min): added 5 rows (total: 559)
2025-12-29 16:10:35,619 -       ts=2025-12-16 10:33:30-05:00 (63.5min): added 5 rows (total: 564)
2025-12-29 16:10:35,620 -       ts=2025-12-16 10:34:00-05:00 (64.0min): added 5 rows (total: 569)
2025-12-29 16:10:35,621 -       ts=2025-12-16 10:34:30-05:00 (64.5min): added 5 rows (total: 574)
2025-12-29 16:10:35,622 -       ts=2025-12-16 10:35:00-05:00 (65.0min): added 5 rows (total: 579)
2025-12-29 16:10:35,623 -       ts=2025-12-16 10:35:30-05:00 (65.5min): added 5 rows (total: 584)
2025-12-29 16:10:35,624 -       ts=2025-12-16 10:36:00-05:00 (66.0min): added 5 rows (total: 589)
2025-12-29 16:10:35,625 -       ts=2025-12-16 10:36:30-05:00 (66.5min): added 5 rows (total: 594)
2025-12-29 16:10:35,626 -       ts=2025-12-16 10:37:00-05:00 (67.0min): added 5 rows (total: 599)
2025-12-29 16:10:35,628 -       ts=2025-12-16 10:37:30-05:00 (67.5min): added 5 rows (total: 604)
2025-12-29 16:10:35,629 -       ts=2025-12-16 10:38:00-05:00 (68.0min): added 5 rows (total: 609)
2025-12-29 16:10:35,630 -       ts=2025-12-16 10:38:30-05:00 (68.5min): added 5 rows (total: 614)
2025-12-29 16:10:35,631 -       ts=2025-12-16 10:39:00-05:00 (69.0min): added 5 rows (total: 619)
2025-12-29 16:10:35,632 -       ts=2025-12-16 10:39:30-05:00 (69.5min): added 5 rows (total: 624)
2025-12-29 16:10:35,633 -       ts=2025-12-16 10:40:00-05:00 (70.0min): added 5 rows (total: 629)
2025-12-29 16:10:35,634 -       ts=2025-12-16 10:40:30-05:00 (70.5min): added 5 rows (total: 634)
2025-12-29 16:10:35,635 -       ts=2025-12-16 10:41:00-05:00 (71.0min): added 5 rows (total: 639)
2025-12-29 16:10:35,636 -       ts=2025-12-16 10:41:30-05:00 (71.5min): added 5 rows (total: 644)
2025-12-29 16:10:35,638 -       ts=2025-12-16 10:42:00-05:00 (72.0min): added 5 rows (total: 649)
2025-12-29 16:10:35,639 -       ts=2025-12-16 10:42:30-05:00 (72.5min): added 5 rows (total: 654)
2025-12-29 16:10:35,640 -       ts=2025-12-16 10:43:00-05:00 (73.0min): added 5 rows (total: 659)
2025-12-29 16:10:35,641 -       ts=2025-12-16 10:43:30-05:00 (73.5min): added 5 rows (total: 664)
2025-12-29 16:10:35,642 -       ts=2025-12-16 10:44:00-05:00 (74.0min): added 5 rows (total: 669)
2025-12-29 16:10:35,643 -       ts=2025-12-16 10:44:30-05:00 (74.5min): added 5 rows (total: 674)
2025-12-29 16:10:35,644 -       ts=2025-12-16 10:45:00-05:00 (75.0min): added 5 rows (total: 679)
2025-12-29 16:10:35,645 -       ts=2025-12-16 10:45:30-05:00 (75.5min): added 5 rows (total: 684)
2025-12-29 16:10:35,646 -       ts=2025-12-16 10:46:00-05:00 (76.0min): added 5 rows (total: 689)
2025-12-29 16:10:35,648 -       ts=2025-12-16 10:46:30-05:00 (76.5min): added 5 rows (total: 694)
2025-12-29 16:10:35,649 -       ts=2025-12-16 10:47:00-05:00 (77.0min): added 5 rows (total: 699)
2025-12-29 16:10:35,650 -       ts=2025-12-16 10:47:30-05:00 (77.5min): added 5 rows (total: 704)
2025-12-29 16:10:35,651 -       ts=2025-12-16 10:48:00-05:00 (78.0min): added 5 rows (total: 709)
2025-12-29 16:10:35,652 -       ts=2025-12-16 10:48:30-05:00 (78.5min): added 5 rows (total: 714)
2025-12-29 16:10:35,653 -       ts=2025-12-16 10:49:00-05:00 (79.0min): added 5 rows (total: 719)
2025-12-29 16:10:35,654 -       ts=2025-12-16 10:49:30-05:00 (79.5min): added 5 rows (total: 724)
2025-12-29 16:10:35,655 -       ts=2025-12-16 10:50:00-05:00 (80.0min): added 5 rows (total: 729)
2025-12-29 16:10:35,656 -       ts=2025-12-16 10:50:30-05:00 (80.5min): added 5 rows (total: 734)
2025-12-29 16:10:35,658 -       ts=2025-12-16 10:51:00-05:00 (81.0min): added 5 rows (total: 739)
2025-12-29 16:10:35,659 -       ts=2025-12-16 10:51:30-05:00 (81.5min): added 5 rows (total: 744)
2025-12-29 16:10:35,660 -       ts=2025-12-16 10:52:00-05:00 (82.0min): added 5 rows (total: 749)
2025-12-29 16:10:35,661 -       ts=2025-12-16 10:52:30-05:00 (82.5min): added 5 rows (total: 754)
2025-12-29 16:10:35,662 -       ts=2025-12-16 10:53:00-05:00 (83.0min): added 5 rows (total: 759)
2025-12-29 16:10:35,663 -       ts=2025-12-16 10:53:30-05:00 (83.5min): added 5 rows (total: 764)
2025-12-29 16:10:35,664 -       ts=2025-12-16 10:54:00-05:00 (84.0min): added 5 rows (total: 769)
2025-12-29 16:10:35,665 -       ts=2025-12-16 10:54:30-05:00 (84.5min): added 5 rows (total: 774)
2025-12-29 16:10:35,666 -       ts=2025-12-16 10:55:00-05:00 (85.0min): added 5 rows (total: 779)
2025-12-29 16:10:35,668 -       ts=2025-12-16 10:55:30-05:00 (85.5min): added 5 rows (total: 784)
2025-12-29 16:10:35,669 -       ts=2025-12-16 10:56:00-05:00 (86.0min): added 5 rows (total: 789)
2025-12-29 16:10:35,670 -       ts=2025-12-16 10:56:30-05:00 (86.5min): added 5 rows (total: 794)
2025-12-29 16:10:35,671 -       ts=2025-12-16 10:57:00-05:00 (87.0min): added 5 rows (total: 799)
2025-12-29 16:10:35,672 -       ts=2025-12-16 10:57:30-05:00 (87.5min): added 5 rows (total: 804)
2025-12-29 16:10:35,673 -       ts=2025-12-16 10:58:00-05:00 (88.0min): added 5 rows (total: 809)
2025-12-29 16:10:35,674 -       ts=2025-12-16 10:58:30-05:00 (88.5min): added 5 rows (total: 814)
2025-12-29 16:10:35,676 -       ts=2025-12-16 10:59:00-05:00 (89.0min): added 5 rows (total: 819)
2025-12-29 16:10:35,677 -       ts=2025-12-16 10:59:30-05:00 (89.5min): added 5 rows (total: 824)
2025-12-29 16:10:35,678 -       ts=2025-12-16 11:00:00-05:00 (90.0min): added 5 rows (total: 829)
2025-12-29 16:10:35,679 -       ts=2025-12-16 11:00:30-05:00 (90.5min): added 5 rows (total: 834)
2025-12-29 16:10:35,680 -       ts=2025-12-16 11:01:00-05:00 (91.0min): added 5 rows (total: 839)
2025-12-29 16:10:35,682 -       ts=2025-12-16 11:01:30-05:00 (91.5min): added 5 rows (total: 844)
2025-12-29 16:10:35,683 -       ts=2025-12-16 11:02:00-05:00 (92.0min): added 5 rows (total: 849)
2025-12-29 16:10:35,684 -       ts=2025-12-16 11:02:30-05:00 (92.5min): added 5 rows (total: 854)
2025-12-29 16:10:35,685 -       ts=2025-12-16 11:03:00-05:00 (93.0min): added 5 rows (total: 859)
2025-12-29 16:10:35,686 -       ts=2025-12-16 11:03:30-05:00 (93.5min): added 5 rows (total: 864)
2025-12-29 16:10:35,687 -       ts=2025-12-16 11:04:00-05:00 (94.0min): added 5 rows (total: 869)
2025-12-29 16:10:35,688 -       ts=2025-12-16 11:04:30-05:00 (94.5min): added 5 rows (total: 874)
2025-12-29 16:10:35,689 -       ts=2025-12-16 11:05:00-05:00 (95.0min): added 5 rows (total: 879)
2025-12-29 16:10:35,691 -       ts=2025-12-16 11:05:30-05:00 (95.5min): added 5 rows (total: 884)
2025-12-29 16:10:35,692 -       ts=2025-12-16 11:06:00-05:00 (96.0min): added 5 rows (total: 889)
2025-12-29 16:10:35,693 -       ts=2025-12-16 11:06:30-05:00 (96.5min): added 5 rows (total: 894)
2025-12-29 16:10:35,694 -       ts=2025-12-16 11:07:00-05:00 (97.0min): added 5 rows (total: 899)
2025-12-29 16:10:35,696 -       ts=2025-12-16 11:07:30-05:00 (97.5min): added 5 rows (total: 904)
2025-12-29 16:10:35,697 -       ts=2025-12-16 11:08:00-05:00 (98.0min): added 5 rows (total: 909)
2025-12-29 16:10:35,698 -       ts=2025-12-16 11:08:30-05:00 (98.5min): added 5 rows (total: 914)
2025-12-29 16:10:35,699 -       ts=2025-12-16 11:09:00-05:00 (99.0min): added 5 rows (total: 919)
2025-12-29 16:10:35,700 -       ts=2025-12-16 11:09:30-05:00 (99.5min): added 5 rows (total: 924)
2025-12-29 16:10:35,701 -       ts=2025-12-16 11:10:00-05:00 (100.0min): added 5 rows (total: 929)
2025-12-29 16:10:35,702 -       ts=2025-12-16 11:10:30-05:00 (100.5min): added 5 rows (total: 934)
2025-12-29 16:10:35,704 -       ts=2025-12-16 11:11:00-05:00 (101.0min): added 5 rows (total: 939)
2025-12-29 16:10:35,705 -       ts=2025-12-16 11:11:30-05:00 (101.5min): added 5 rows (total: 944)
2025-12-29 16:10:35,706 -       ts=2025-12-16 11:12:00-05:00 (102.0min): added 5 rows (total: 949)
2025-12-29 16:10:35,707 -       ts=2025-12-16 11:12:30-05:00 (102.5min): added 5 rows (total: 954)
2025-12-29 16:10:35,708 -       ts=2025-12-16 11:13:00-05:00 (103.0min): added 5 rows (total: 959)
2025-12-29 16:10:35,709 -       ts=2025-12-16 11:13:30-05:00 (103.5min): added 5 rows (total: 964)
2025-12-29 16:10:35,710 -       ts=2025-12-16 11:14:00-05:00 (104.0min): added 5 rows (total: 969)
2025-12-29 16:10:35,712 -       ts=2025-12-16 11:14:30-05:00 (104.5min): added 5 rows (total: 974)
2025-12-29 16:10:35,713 -       ts=2025-12-16 11:15:00-05:00 (105.0min): added 5 rows (total: 979)
2025-12-29 16:10:35,714 -       ts=2025-12-16 11:15:30-05:00 (105.5min): added 5 rows (total: 984)
2025-12-29 16:10:35,715 -       ts=2025-12-16 11:16:00-05:00 (106.0min): added 5 rows (total: 989)
2025-12-29 16:10:35,716 -       ts=2025-12-16 11:16:30-05:00 (106.5min): added 5 rows (total: 994)
2025-12-29 16:10:35,717 -       ts=2025-12-16 11:17:00-05:00 (107.0min): added 5 rows (total: 999)
2025-12-29 16:10:35,718 -       ts=2025-12-16 11:17:30-05:00 (107.5min): added 5 rows (total: 1004)
2025-12-29 16:10:35,720 -       ts=2025-12-16 11:18:00-05:00 (108.0min): added 5 rows (total: 1009)
2025-12-29 16:10:35,721 -       ts=2025-12-16 11:18:30-05:00 (108.5min): added 5 rows (total: 1014)
2025-12-29 16:10:35,722 -       ts=2025-12-16 11:19:00-05:00 (109.0min): added 5 rows (total: 1019)
2025-12-29 16:10:35,723 -       ts=2025-12-16 11:19:30-05:00 (109.5min): added 5 rows (total: 1024)
2025-12-29 16:10:35,724 -       ts=2025-12-16 11:20:00-05:00 (110.0min): added 5 rows (total: 1029)
2025-12-29 16:10:35,725 -       ts=2025-12-16 11:20:30-05:00 (110.5min): added 5 rows (total: 1034)
2025-12-29 16:10:35,726 -       ts=2025-12-16 11:21:00-05:00 (111.0min): added 5 rows (total: 1039)
2025-12-29 16:10:35,728 -       ts=2025-12-16 11:21:30-05:00 (111.5min): added 5 rows (total: 1044)
2025-12-29 16:10:35,729 -       ts=2025-12-16 11:22:00-05:00 (112.0min): added 5 rows (total: 1049)
2025-12-29 16:10:35,730 -       ts=2025-12-16 11:22:30-05:00 (112.5min): added 5 rows (total: 1054)
2025-12-29 16:10:35,731 -       ts=2025-12-16 11:23:00-05:00 (113.0min): added 5 rows (total: 1059)
2025-12-29 16:10:35,732 -       ts=2025-12-16 11:23:30-05:00 (113.5min): added 5 rows (total: 1064)
2025-12-29 16:10:35,733 -       ts=2025-12-16 11:24:00-05:00 (114.0min): added 5 rows (total: 1069)
2025-12-29 16:10:35,734 -       ts=2025-12-16 11:24:30-05:00 (114.5min): added 5 rows (total: 1074)
2025-12-29 16:10:35,736 -       ts=2025-12-16 11:25:00-05:00 (115.0min): added 5 rows (total: 1079)
2025-12-29 16:10:35,737 -       ts=2025-12-16 11:25:30-05:00 (115.5min): added 5 rows (total: 1084)
2025-12-29 16:10:35,738 -       ts=2025-12-16 11:26:00-05:00 (116.0min): added 5 rows (total: 1089)
2025-12-29 16:10:35,739 -       ts=2025-12-16 11:26:30-05:00 (116.5min): added 5 rows (total: 1094)
2025-12-29 16:10:35,740 -       ts=2025-12-16 11:27:00-05:00 (117.0min): added 5 rows (total: 1099)
2025-12-29 16:10:35,741 -       ts=2025-12-16 11:27:30-05:00 (117.5min): added 5 rows (total: 1104)
2025-12-29 16:10:35,742 -       ts=2025-12-16 11:28:00-05:00 (118.0min): added 5 rows (total: 1109)
2025-12-29 16:10:35,744 -       ts=2025-12-16 11:28:30-05:00 (118.5min): added 5 rows (total: 1114)
2025-12-29 16:10:35,745 -       ts=2025-12-16 11:29:00-05:00 (119.0min): added 5 rows (total: 1119)
2025-12-29 16:10:35,746 -       ts=2025-12-16 11:29:30-05:00 (119.5min): added 5 rows (total: 1124)
2025-12-29 16:10:35,747 -       ts=2025-12-16 11:30:00-05:00 (120.0min): added 5 rows (total: 1129)
2025-12-29 16:10:35,748 -       ts=2025-12-16 11:30:30-05:00 (120.5min): added 5 rows (total: 1134)
2025-12-29 16:10:35,749 -       ts=2025-12-16 11:31:00-05:00 (121.0min): added 5 rows (total: 1139)
2025-12-29 16:10:35,750 -       ts=2025-12-16 11:31:30-05:00 (121.5min): added 5 rows (total: 1144)
2025-12-29 16:10:35,752 -       ts=2025-12-16 11:32:00-05:00 (122.0min): added 5 rows (total: 1149)
2025-12-29 16:10:35,753 -       ts=2025-12-16 11:32:30-05:00 (122.5min): added 5 rows (total: 1154)
2025-12-29 16:10:35,754 -       ts=2025-12-16 11:33:00-05:00 (123.0min): added 5 rows (total: 1159)
2025-12-29 16:10:35,755 -       ts=2025-12-16 11:33:30-05:00 (123.5min): added 5 rows (total: 1164)
2025-12-29 16:10:35,756 -       ts=2025-12-16 11:34:00-05:00 (124.0min): added 5 rows (total: 1169)
2025-12-29 16:10:35,757 -       ts=2025-12-16 11:34:30-05:00 (124.5min): added 5 rows (total: 1174)
2025-12-29 16:10:35,758 -       ts=2025-12-16 11:35:00-05:00 (125.0min): added 5 rows (total: 1179)
2025-12-29 16:10:35,760 -       ts=2025-12-16 11:35:30-05:00 (125.5min): added 5 rows (total: 1184)
2025-12-29 16:10:35,761 -       ts=2025-12-16 11:36:00-05:00 (126.0min): added 5 rows (total: 1189)
2025-12-29 16:10:35,762 -       ts=2025-12-16 11:36:30-05:00 (126.5min): added 5 rows (total: 1194)
2025-12-29 16:10:35,763 -       ts=2025-12-16 11:37:00-05:00 (127.0min): added 5 rows (total: 1199)
2025-12-29 16:10:35,764 -       ts=2025-12-16 11:37:30-05:00 (127.5min): added 5 rows (total: 1204)
2025-12-29 16:10:35,766 -       ts=2025-12-16 11:38:00-05:00 (128.0min): added 5 rows (total: 1209)
2025-12-29 16:10:35,767 -       ts=2025-12-16 11:38:30-05:00 (128.5min): added 5 rows (total: 1214)
2025-12-29 16:10:35,768 -       ts=2025-12-16 11:39:00-05:00 (129.0min): added 5 rows (total: 1219)
2025-12-29 16:10:35,769 -       ts=2025-12-16 11:39:30-05:00 (129.5min): added 5 rows (total: 1224)
2025-12-29 16:10:35,770 -       ts=2025-12-16 11:40:00-05:00 (130.0min): added 5 rows (total: 1229)
2025-12-29 16:10:35,771 -       ts=2025-12-16 11:40:30-05:00 (130.5min): added 5 rows (total: 1234)
2025-12-29 16:10:35,772 -       ts=2025-12-16 11:41:00-05:00 (131.0min): added 5 rows (total: 1239)
2025-12-29 16:10:35,774 -       ts=2025-12-16 11:41:30-05:00 (131.5min): added 5 rows (total: 1244)
2025-12-29 16:10:35,775 -       ts=2025-12-16 11:42:00-05:00 (132.0min): added 5 rows (total: 1249)
2025-12-29 16:10:35,776 -       ts=2025-12-16 11:42:30-05:00 (132.5min): added 5 rows (total: 1254)
2025-12-29 16:10:35,777 -       ts=2025-12-16 11:43:00-05:00 (133.0min): added 5 rows (total: 1259)
2025-12-29 16:10:35,778 -       ts=2025-12-16 11:43:30-05:00 (133.5min): added 5 rows (total: 1264)
2025-12-29 16:10:35,779 -       ts=2025-12-16 11:44:00-05:00 (134.0min): added 5 rows (total: 1269)
2025-12-29 16:10:35,780 -       ts=2025-12-16 11:44:30-05:00 (134.5min): added 5 rows (total: 1274)
2025-12-29 16:10:35,782 -       ts=2025-12-16 11:45:00-05:00 (135.0min): added 5 rows (total: 1279)
2025-12-29 16:10:35,783 -       ts=2025-12-16 11:45:30-05:00 (135.5min): added 5 rows (total: 1284)
2025-12-29 16:10:35,784 -       ts=2025-12-16 11:46:00-05:00 (136.0min): added 5 rows (total: 1289)
2025-12-29 16:10:35,785 -       ts=2025-12-16 11:46:30-05:00 (136.5min): added 5 rows (total: 1294)
2025-12-29 16:10:35,786 -       ts=2025-12-16 11:47:00-05:00 (137.0min): added 5 rows (total: 1299)
2025-12-29 16:10:35,787 -       ts=2025-12-16 11:47:30-05:00 (137.5min): added 5 rows (total: 1304)
2025-12-29 16:10:35,788 -       ts=2025-12-16 11:48:00-05:00 (138.0min): added 5 rows (total: 1309)
2025-12-29 16:10:35,789 -       ts=2025-12-16 11:48:30-05:00 (138.5min): added 5 rows (total: 1314)
2025-12-29 16:10:35,791 -       ts=2025-12-16 11:49:00-05:00 (139.0min): added 5 rows (total: 1319)
2025-12-29 16:10:35,792 -       ts=2025-12-16 11:49:30-05:00 (139.5min): added 5 rows (total: 1324)
2025-12-29 16:10:35,793 -       ts=2025-12-16 11:50:00-05:00 (140.0min): added 5 rows (total: 1329)
2025-12-29 16:10:35,794 -       ts=2025-12-16 11:50:30-05:00 (140.5min): added 5 rows (total: 1334)
2025-12-29 16:10:35,795 -       ts=2025-12-16 11:51:00-05:00 (141.0min): added 5 rows (total: 1339)
2025-12-29 16:10:35,796 -       ts=2025-12-16 11:51:30-05:00 (141.5min): added 5 rows (total: 1344)
2025-12-29 16:10:35,797 -       ts=2025-12-16 11:52:00-05:00 (142.0min): added 5 rows (total: 1349)
2025-12-29 16:10:35,798 -       ts=2025-12-16 11:52:30-05:00 (142.5min): added 5 rows (total: 1354)
2025-12-29 16:10:35,800 -       ts=2025-12-16 11:53:00-05:00 (143.0min): added 5 rows (total: 1359)
2025-12-29 16:10:35,801 -       ts=2025-12-16 11:53:30-05:00 (143.5min): added 5 rows (total: 1364)
2025-12-29 16:10:35,802 -       ts=2025-12-16 11:54:00-05:00 (144.0min): added 5 rows (total: 1369)
2025-12-29 16:10:35,803 -       ts=2025-12-16 11:54:30-05:00 (144.5min): added 5 rows (total: 1374)
2025-12-29 16:10:35,804 -       ts=2025-12-16 11:55:00-05:00 (145.0min): added 5 rows (total: 1379)
2025-12-29 16:10:35,805 -       ts=2025-12-16 11:55:30-05:00 (145.5min): added 5 rows (total: 1384)
2025-12-29 16:10:35,806 -       ts=2025-12-16 11:56:00-05:00 (146.0min): added 5 rows (total: 1389)
2025-12-29 16:10:35,807 -       ts=2025-12-16 11:56:30-05:00 (146.5min): added 5 rows (total: 1394)
2025-12-29 16:10:35,809 -       ts=2025-12-16 11:57:00-05:00 (147.0min): added 5 rows (total: 1399)
2025-12-29 16:10:35,810 -       ts=2025-12-16 11:57:30-05:00 (147.5min): added 5 rows (total: 1404)
2025-12-29 16:10:35,811 -       ts=2025-12-16 11:58:00-05:00 (148.0min): added 5 rows (total: 1409)
2025-12-29 16:10:35,812 -       ts=2025-12-16 11:58:30-05:00 (148.5min): added 5 rows (total: 1414)
2025-12-29 16:10:35,813 -       ts=2025-12-16 11:59:00-05:00 (149.0min): added 5 rows (total: 1419)
2025-12-29 16:10:35,814 -       ts=2025-12-16 11:59:30-05:00 (149.5min): added 5 rows (total: 1424)
2025-12-29 16:10:35,815 -       ts=2025-12-16 12:00:00-05:00 (150.0min): added 5 rows (total: 1429)
2025-12-29 16:10:35,816 -       ts=2025-12-16 12:00:30-05:00 (150.5min): added 5 rows (total: 1434)
2025-12-29 16:10:35,817 -       ts=2025-12-16 12:01:00-05:00 (151.0min): added 5 rows (total: 1439)
2025-12-29 16:10:35,818 -       ts=2025-12-16 12:01:30-05:00 (151.5min): added 5 rows (total: 1444)
2025-12-29 16:10:35,820 -       ts=2025-12-16 12:02:00-05:00 (152.0min): added 5 rows (total: 1449)
2025-12-29 16:10:35,821 -       ts=2025-12-16 12:02:30-05:00 (152.5min): added 5 rows (total: 1454)
2025-12-29 16:10:35,822 -       ts=2025-12-16 12:03:00-05:00 (153.0min): added 5 rows (total: 1459)
2025-12-29 16:10:35,823 -       ts=2025-12-16 12:03:30-05:00 (153.5min): added 5 rows (total: 1464)
2025-12-29 16:10:35,824 -       ts=2025-12-16 12:04:00-05:00 (154.0min): added 5 rows (total: 1469)
2025-12-29 16:10:35,825 -       ts=2025-12-16 12:04:30-05:00 (154.5min): added 5 rows (total: 1474)
2025-12-29 16:10:35,827 -       ts=2025-12-16 12:05:00-05:00 (155.0min): added 5 rows (total: 1479)
2025-12-29 16:10:35,828 -       ts=2025-12-16 12:05:30-05:00 (155.5min): added 5 rows (total: 1484)
2025-12-29 16:10:35,829 -       ts=2025-12-16 12:06:00-05:00 (156.0min): added 5 rows (total: 1489)
2025-12-29 16:10:35,830 -       ts=2025-12-16 12:06:30-05:00 (156.5min): added 5 rows (total: 1494)
2025-12-29 16:10:35,831 -       ts=2025-12-16 12:07:00-05:00 (157.0min): added 5 rows (total: 1499)
2025-12-29 16:10:35,832 -       ts=2025-12-16 12:07:30-05:00 (157.5min): added 5 rows (total: 1504)
2025-12-29 16:10:35,833 -       ts=2025-12-16 12:08:00-05:00 (158.0min): added 5 rows (total: 1509)
2025-12-29 16:10:35,834 -       ts=2025-12-16 12:08:30-05:00 (158.5min): added 5 rows (total: 1514)
2025-12-29 16:10:35,836 -       ts=2025-12-16 12:09:00-05:00 (159.0min): added 5 rows (total: 1519)
2025-12-29 16:10:35,837 -       ts=2025-12-16 12:09:30-05:00 (159.5min): added 5 rows (total: 1524)
2025-12-29 16:10:35,838 -       ts=2025-12-16 12:10:00-05:00 (160.0min): added 5 rows (total: 1529)
2025-12-29 16:10:35,839 -       ts=2025-12-16 12:10:30-05:00 (160.5min): added 5 rows (total: 1534)
2025-12-29 16:10:35,840 -       ts=2025-12-16 12:11:00-05:00 (161.0min): added 5 rows (total: 1539)
2025-12-29 16:10:35,841 -       ts=2025-12-16 12:11:30-05:00 (161.5min): added 5 rows (total: 1544)
2025-12-29 16:10:35,842 -       ts=2025-12-16 12:12:00-05:00 (162.0min): added 5 rows (total: 1549)
2025-12-29 16:10:35,843 -       ts=2025-12-16 12:12:30-05:00 (162.5min): added 5 rows (total: 1554)
2025-12-29 16:10:35,845 -       ts=2025-12-16 12:13:00-05:00 (163.0min): added 5 rows (total: 1559)
2025-12-29 16:10:35,846 -       ts=2025-12-16 12:13:30-05:00 (163.5min): added 5 rows (total: 1564)
2025-12-29 16:10:35,847 -       ts=2025-12-16 12:14:00-05:00 (164.0min): added 5 rows (total: 1569)
2025-12-29 16:10:35,848 -       ts=2025-12-16 12:14:30-05:00 (164.5min): added 5 rows (total: 1574)
2025-12-29 16:10:35,849 -       ts=2025-12-16 12:15:00-05:00 (165.0min): added 5 rows (total: 1579)
2025-12-29 16:10:35,850 -       ts=2025-12-16 12:15:30-05:00 (165.5min): added 5 rows (total: 1584)
2025-12-29 16:10:35,851 -       ts=2025-12-16 12:16:00-05:00 (166.0min): added 5 rows (total: 1589)
2025-12-29 16:10:35,852 -       ts=2025-12-16 12:16:30-05:00 (166.5min): added 5 rows (total: 1594)
2025-12-29 16:10:35,854 -       ts=2025-12-16 12:17:00-05:00 (167.0min): added 5 rows (total: 1599)
2025-12-29 16:10:35,855 -       ts=2025-12-16 12:17:30-05:00 (167.5min): added 5 rows (total: 1604)
2025-12-29 16:10:35,856 -       ts=2025-12-16 12:18:00-05:00 (168.0min): added 5 rows (total: 1609)
2025-12-29 16:10:35,857 -       ts=2025-12-16 12:18:30-05:00 (168.5min): added 5 rows (total: 1614)
2025-12-29 16:10:35,858 -       ts=2025-12-16 12:19:00-05:00 (169.0min): added 5 rows (total: 1619)
2025-12-29 16:10:35,859 -       ts=2025-12-16 12:19:30-05:00 (169.5min): added 5 rows (total: 1624)
2025-12-29 16:10:35,860 -       ts=2025-12-16 12:20:00-05:00 (170.0min): added 5 rows (total: 1629)
2025-12-29 16:10:35,862 -       ts=2025-12-16 12:20:30-05:00 (170.5min): added 5 rows (total: 1634)
2025-12-29 16:10:35,863 -       ts=2025-12-16 12:21:00-05:00 (171.0min): added 5 rows (total: 1639)
2025-12-29 16:10:35,864 -       ts=2025-12-16 12:21:30-05:00 (171.5min): added 5 rows (total: 1644)
2025-12-29 16:10:35,865 -       ts=2025-12-16 12:22:00-05:00 (172.0min): added 5 rows (total: 1649)
2025-12-29 16:10:35,866 -       ts=2025-12-16 12:22:30-05:00 (172.5min): added 5 rows (total: 1654)
2025-12-29 16:10:35,867 -       ts=2025-12-16 12:23:00-05:00 (173.0min): added 5 rows (total: 1659)
2025-12-29 16:10:35,869 -       ts=2025-12-16 12:23:30-05:00 (173.5min): added 5 rows (total: 1664)
2025-12-29 16:10:35,870 -       ts=2025-12-16 12:24:00-05:00 (174.0min): added 5 rows (total: 1669)
2025-12-29 16:10:35,871 -       ts=2025-12-16 12:24:30-05:00 (174.5min): added 5 rows (total: 1674)
2025-12-29 16:10:35,872 -       ts=2025-12-16 12:25:00-05:00 (175.0min): added 5 rows (total: 1679)
2025-12-29 16:10:35,873 -       ts=2025-12-16 12:25:30-05:00 (175.5min): added 5 rows (total: 1684)
2025-12-29 16:10:35,874 -       ts=2025-12-16 12:26:00-05:00 (176.0min): added 5 rows (total: 1689)
2025-12-29 16:10:35,876 -       ts=2025-12-16 12:26:30-05:00 (176.5min): added 5 rows (total: 1694)
2025-12-29 16:10:35,877 -       ts=2025-12-16 12:27:00-05:00 (177.0min): added 5 rows (total: 1699)
2025-12-29 16:10:35,878 -       ts=2025-12-16 12:27:30-05:00 (177.5min): added 5 rows (total: 1704)
2025-12-29 16:10:35,879 -       ts=2025-12-16 12:28:00-05:00 (178.0min): added 5 rows (total: 1709)
2025-12-29 16:10:35,880 -       ts=2025-12-16 12:28:30-05:00 (178.5min): added 5 rows (total: 1714)
2025-12-29 16:10:35,881 -       ts=2025-12-16 12:29:00-05:00 (179.0min): added 5 rows (total: 1719)
2025-12-29 16:10:35,883 -       ts=2025-12-16 12:29:30-05:00 (179.5min): added 5 rows (total: 1724)
2025-12-29 16:10:35,884 -       ts=2025-12-16 12:30:00-05:00 (180.0min): added 5 rows (total: 1729)
2025-12-29 16:10:35,884 -     Total rows added across 361 timestamps: 1729
2025-12-29 16:10:35,884 -     Timestamps with >0 rows: 361
2025-12-29 16:10:35,897 -     Generated 1,729 state rows (288 timestamps × 6 levels)
2025-12-29 16:10:35,898 - [3.0.0]   Completed in 0.45s
2025-12-29 16:10:38,341 - [3.0.0] ==================================================
2025-12-29 16:10:38,341 - [3.0.0] PIPELINE COMPLETE in 4.32s
2025-12-29 16:10:38,341 - [3.0.0] Total signals: 53
2025-12-29 16:10:38,341 - [3.0.0] Throughput: 12 signals/sec
2025-12-29 16:10:38,341 - [3.0.0] ==================================================
Running ES pipeline for 2025-12-16
Checkpoints: data/checkpoints
Resuming from stage: 16
Stopping at stage: 16


Pipeline completed successfully
Final signals: 53 rows
