2025-12-29 19:13:03,064 - [3.0.0] Starting pipeline: es_pipeline
2025-12-29 19:13:03,065 - [3.0.0] Date: 2025-12-16
2025-12-29 19:13:03,065 - [3.0.0] Stages: 18
2025-12-29 19:13:03,065 - [3.0.0] Checkpointing enabled: data/checkpoints
2025-12-29 19:13:03,065 - [3.0.0] Resuming from stage 17
2025-12-29 19:13:03,065 - Loading checkpoint from stage 16: materialize_state_table
2025-12-29 19:13:04,524 - [3.0.0] Will stop after stage 17
2025-12-29 19:13:04,524 - [3.0.0] (18/18) Running: construct_episodes
2025-12-29 19:13:04,524 -   Constructing episode vectors from 53 events...
2025-12-29 19:13:04,524 - Loaded normalization stats v1 from data/gold/normalization/current.json
2025-12-29 19:13:04,524 -   Computed: 2025-12-29, Lookback: 1 days, Samples: 1,729
2025-12-29 19:13:04,524 - Constructing  episode vectors from 53 events...
2025-12-29 19:13:04,527 -   Event 77: no state history for 2 at 2025-12-16 09:30:00-05:00
2025-12-29 19:13:04,527 -   Event 78: no state history for 12 at 2025-12-16 09:30:00-05:00
2025-12-29 19:13:04,527 -   Event 79: no state history for 2 at 2025-12-16 09:36:00-05:00
2025-12-29 19:13:04,538 -   Constructed 0 episode vectors (144 dims)
2025-12-29 19:13:04,538 -   Skipped: no_history=53, vector_failed=0, norm_failed=0
2025-12-29 19:13:04,538 -   No episodes constructed (empty result)
2025-12-29 19:13:04,538 - [3.0.0]   Completed in 0.01s
2025-12-29 19:13:06,966 - [3.0.0] ==================================================
2025-12-29 19:13:06,966 - [3.0.0] PIPELINE COMPLETE in 3.90s
2025-12-29 19:13:06,966 - [3.0.0] Total signals: 53
2025-12-29 19:13:06,966 - [3.0.0] Throughput: 14 signals/sec
2025-12-29 19:13:06,966 - [3.0.0] ==================================================
Running ES pipeline for 2025-12-16
Checkpoints: data/checkpoints
Resuming from stage: 17
Stopping at stage: 17


Pipeline completed successfully
Final signals: 53 rows
